[01-Feb-2026 19:10:46 UTC] PHP Fatal error:  Uncaught PDOException: SQLSTATE[42S22]: Column not found: 1054 Unknown column 'jahr' in 'field list' in /workspaces/Konik-Website/public/galerie.php:28
Stack trace:
#0 /workspaces/Konik-Website/public/galerie.php(28): PDO->query()
#1 {main}
  thrown in /workspaces/Konik-Website/public/galerie.php on line 28
[01-Feb-2026 19:13:18 UTC] PHP Fatal error:  Uncaught PDOException: SQLSTATE[42S22]: Column not found: 1054 Unknown column 'jahr' in 'field list' in /workspaces/Konik-Website/public/galerie.php:28
Stack trace:
#0 /workspaces/Konik-Website/public/galerie.php(28): PDO->query()
#1 {main}
  thrown in /workspaces/Konik-Website/public/galerie.php on line 28
[08-Feb-2026 19:06:57 UTC] DB error: SQLSTATE[HY000] [2002] No such file or directory
[08-Feb-2026 19:08:38 UTC] DB error: SQLSTATE[HY000] [2002] No such file or directory
[08-Feb-2026 19:09:49 UTC] DB error: SQLSTATE[HY000] [2002] No such file or directory
[08-Feb-2026 19:51:26 UTC] DB error: SQLSTATE[HY000] [2002] No such file or directory
[09-Feb-2026 15:07:07 UTC] DB error: SQLSTATE[HY000] [2002] No such file or directory
[09-Feb-2026 15:08:09 UTC] DB error: SQLSTATE[HY000] [2002] No such file or directory
[11-Feb-2026 16:59:19 UTC] PHP Warning:  include(navbar.php): Failed to open stream: No such file or directory in /workspaces/Konik-Website/public/index.php on line 26
[11-Feb-2026 16:59:19 UTC] PHP Warning:  include(): Failed opening 'navbar.php' for inclusion (include_path='.:/usr/share/php') in /workspaces/Konik-Website/public/index.php on line 26
[11-Feb-2026 16:59:19 UTC] PHP Warning:  include(footer.php): Failed to open stream: No such file or directory in /workspaces/Konik-Website/public/index.php on line 90
[11-Feb-2026 16:59:19 UTC] PHP Warning:  include(): Failed opening 'footer.php' for inclusion (include_path='.:/usr/share/php') in /workspaces/Konik-Website/public/index.php on line 90
[11-Feb-2026 17:01:17 UTC] PHP Warning:  include(/workspaces/Konik-Website/public/navebar/navbar.php): Failed to open stream: No such file or directory in /workspaces/Konik-Website/public/index.php on line 26
[11-Feb-2026 17:01:17 UTC] PHP Warning:  include(): Failed opening 'navebar/navbar.php' for inclusion (include_path='.:/usr/share/php') in /workspaces/Konik-Website/public/index.php on line 26
[11-Feb-2026 17:01:17 UTC] PHP Warning:  include(/workspaces/Konik-Website/public/footer/footer.php): Failed to open stream: No such file or directory in /workspaces/Konik-Website/public/index.php on line 90
[11-Feb-2026 17:01:17 UTC] PHP Warning:  include(): Failed opening 'footer/footer.php' for inclusion (include_path='.:/usr/share/php') in /workspaces/Konik-Website/public/index.php on line 90
